# JRE version: OpenJDK Runtime Environment (11.0.8+10) (build 11.0.8+10-b944.6842174)
# Java VM: OpenJDK 64-Bit Server VM (11.0.8+10-b944.6842174, mixed mode, tiered, compressed oops, g1 gc, windows-amd64)
Heap:
 garbage-first heap   total 156672K, used 90693K [0x00000000a1c00000, 0x0000000100000000)
  region size 1024K, 10 young (10240K), 2 survivors (2048K)
 Metaspace       used 85629K, capacity 86541K, committed 86864K, reserved 1126400K
  class space    used 9181K, capacity 9505K, committed 9600K, reserved 1048576K
GC Heap History (20 events):
Event: 8.294 GC heap before
{Heap before GC invocations=8 (full 0):
 garbage-first heap   total 130048K, used 90570K [0x00000000a1c00000, 0x0000000100000000)
  region size 1024K, 62 young (63488K), 8 survivors (8192K)
 Metaspace       used 55844K, capacity 56498K, committed 56656K, reserved 1099776K
  class space    used 6467K, capacity 6718K, committed 6784K, reserved 1048576K
}
Event: 8.328 GC heap after
{Heap after GC invocations=9 (full 0):
 garbage-first heap   total 130048K, used 43604K [0x00000000a1c00000, 0x0000000100000000)
  region size 1024K, 8 young (8192K), 8 survivors (8192K)
 Metaspace       used 55844K, capacity 56498K, committed 56656K, reserved 1099776K
  class space    used 6467K, capacity 6718K, committed 6784K, reserved 1048576K
}
Event: 10.239 GC heap before
{Heap before GC invocations=9 (full 0):
 garbage-first heap   total 130048K, used 93780K [0x00000000a1c00000, 0x0000000100000000)
  region size 1024K, 57 young (58368K), 8 survivors (8192K)
 Metaspace       used 57481K, capacity 58136K, committed 58320K, reserved 1101824K
  class space    used 6585K, capacity 6858K, committed 6912K, reserved 1048576K
}
Event: 10.280 GC heap after
{Heap after GC invocations=10 (full 0):
 garbage-first heap   total 130048K, used 52655K [0x00000000a1c00000, 0x0000000100000000)
  region size 1024K, 8 young (8192K), 8 survivors (8192K)
 Metaspace       used 57481K, capacity 58136K, committed 58320K, reserved 1101824K
  class space    used 6585K, capacity 6858K, committed 6912K, reserved 1048576K
}
Event: 11.063 GC heap before
{Heap before GC invocations=10 (full 0):
 garbage-first heap   total 130048K, used 64943K [0x00000000a1c00000, 0x0000000100000000)
  region size 1024K, 21 young (21504K), 8 survivors (8192K)
 Metaspace       used 59693K, capacity 60359K, committed 60496K, reserved 1101824K
  class space    used 6896K, capacity 7172K, committed 7296K, reserved 1048576K
}
Event: 11.088 GC heap after
{Heap after GC invocations=11 (full 0):
 garbage-first heap   total 156672K, used 55296K [0x00000000a1c00000, 0x0000000100000000)
  region size 1024K, 2 young (2048K), 2 survivors (2048K)
 Metaspace       used 59693K, capacity 60359K, committed 60496K, reserved 1101824K
  class space    used 6896K, capacity 7172K, committed 7296K, reserved 1048576K
}
Event: 15.059 GC heap before
{Heap before GC invocations=12 (full 0):
 garbage-first heap   total 156672K, used 98304K [0x00000000a1c00000, 0x0000000100000000)
  region size 1024K, 44 young (45056K), 2 survivors (2048K)
 Metaspace       used 64277K, capacity 65091K, committed 65232K, reserved 1107968K
  class space    used 7271K, capacity 7608K, committed 7680K, reserved 1048576K
}
Event: 15.083 GC heap after
{Heap after GC invocations=13 (full 0):
 garbage-first heap   total 156672K, used 60928K [0x00000000a1c00000, 0x0000000100000000)
  region size 1024K, 6 young (6144K), 6 survivors (6144K)
 Metaspace       used 64277K, capacity 65091K, committed 65232K, reserved 1107968K
  class space    used 7271K, capacity 7608K, committed 7680K, reserved 1048576K
}
Event: 16.431 GC heap before
{Heap before GC invocations=14 (full 0):
 garbage-first heap   total 156672K, used 103936K [0x00000000a1c00000, 0x0000000100000000)
  region size 1024K, 48 young (49152K), 6 survivors (6144K)
 Metaspace       used 65613K, capacity 66385K, committed 66512K, reserved 1107968K
  class space    used 7325K, capacity 7646K, committed 7680K, reserved 1048576K
}
Event: 16.465 GC heap after
{Heap after GC invocations=15 (full 0):
 garbage-first heap   total 156672K, used 68608K [0x00000000a1c00000, 0x0000000100000000)
  region size 1024K, 6 young (6144K), 6 survivors (6144K)
 Metaspace       used 65613K, capacity 66385K, committed 66512K, reserved 1107968K
  class space    used 7325K, capacity 7646K, committed 7680K, reserved 1048576K
}
Event: 17.859 GC heap before
{Heap before GC invocations=15 (full 0):
 garbage-first heap   total 156672K, used 109568K [0x00000000a1c00000, 0x0000000100000000)
  region size 1024K, 46 young (47104K), 6 survivors (6144K)
 Metaspace       used 72333K, capacity 73227K, committed 73296K, reserved 1114112K
  class space    used 7995K, capacity 8311K, committed 8320K, reserved 1048576K
}
Event: 17.880 GC heap after
{Heap after GC invocations=16 (full 0):
 garbage-first heap   total 156672K, used 71461K [0x00000000a1c00000, 0x0000000100000000)
  region size 1024K, 3 young (3072K), 3 survivors (3072K)
 Metaspace       used 72333K, capacity 73227K, committed 73296K, reserved 1114112K
  class space    used 7995K, capacity 8311K, committed 8320K, reserved 1048576K
}
Event: 18.778 GC heap before
{Heap before GC invocations=16 (full 0):
 garbage-first heap   total 156672K, used 112421K [0x00000000a1c00000, 0x0000000100000000)
  region size 1024K, 43 young (44032K), 3 survivors (3072K)
 Metaspace       used 73472K, capacity 74349K, committed 74448K, reserved 1116160K
  class space    used 8074K, capacity 8407K, committed 8448K, reserved 1048576K
}
Event: 18.794 GC heap after
{Heap after GC invocations=17 (full 0):
 garbage-first heap   total 156672K, used 74553K [0x00000000a1c00000, 0x0000000100000000)
  region size 1024K, 6 young (6144K), 6 survivors (6144K)
 Metaspace       used 73472K, capacity 74349K, committed 74448K, reserved 1116160K
  class space    used 8074K, capacity 8407K, committed 8448K, reserved 1048576K
}
Event: 19.890 GC heap before
{Heap before GC invocations=17 (full 0):
 garbage-first heap   total 156672K, used 116537K [0x00000000a1c00000, 0x0000000100000000)
  region size 1024K, 47 young (48128K), 6 survivors (6144K)
 Metaspace       used 78715K, capacity 79571K, committed 79824K, reserved 1120256K
  class space    used 8629K, capacity 8953K, committed 8960K, reserved 1048576K
}
Event: 19.914 GC heap after
{Heap after GC invocations=18 (full 0):
 garbage-first heap   total 156672K, used 78151K [0x00000000a1c00000, 0x0000000100000000)
  region size 1024K, 4 young (4096K), 4 survivors (4096K)
 Metaspace       used 78715K, capacity 79571K, committed 79824K, reserved 1120256K
  class space    used 8629K, capacity 8953K, committed 8960K, reserved 1048576K
}
Event: 20.922 GC heap before
{Heap before GC invocations=18 (full 0):
 garbage-first heap   total 156672K, used 120135K [0x00000000a1c00000, 0x0000000100000000)
  region size 1024K, 45 young (46080K), 4 survivors (4096K)
 Metaspace       used 81297K, capacity 82143K, committed 82384K, reserved 1122304K
  class space    used 8824K, capacity 9149K, committed 9216K, reserved 1048576K
}
Event: 20.941 GC heap after
{Heap after GC invocations=19 (full 0):
 garbage-first heap   total 156672K, used 81472K [0x00000000a1c00000, 0x0000000100000000)
  region size 1024K, 4 young (4096K), 4 survivors (4096K)
 Metaspace       used 81297K, capacity 82143K, committed 82384K, reserved 1122304K
  class space    used 8824K, capacity 9149K, committed 9216K, reserved 1048576K
}
Event: 21.937 GC heap before
{Heap before GC invocations=20 (full 0):
 garbage-first heap   total 156672K, used 122432K [0x00000000a1c00000, 0x0000000100000000)
  region size 1024K, 44 young (45056K), 4 survivors (4096K)
 Metaspace       used 84639K, capacity 85514K, committed 85712K, reserved 1126400K
  class space    used 9101K, capacity 9440K, committed 9472K, reserved 1048576K
}
Event: 21.950 GC heap after
{Heap after GC invocations=21 (full 0):
 garbage-first heap   total 156672K, used 83525K [0x00000000a1c00000, 0x0000000100000000)
  region size 1024K, 2 young (2048K), 2 survivors (2048K)
 Metaspace       used 84639K, capacity 85514K, committed 85712K, reserved 1126400K
  class space    used 9101K, capacity 9440K, committed 9472K, reserved 1048576K
}

