# JRE version: OpenJDK Runtime Environment (11.0.8+10) (build 11.0.8+10-b944.6842174)
# Java VM: OpenJDK 64-Bit Server VM (11.0.8+10-b944.6842174, mixed mode, tiered, compressed oops, g1 gc, windows-amd64)
Heap:
 garbage-first heap   total 146432K, used 95232K [0x00000000a1c00000, 0x0000000100000000)
  region size 1024K, 35 young (35840K), 2 survivors (2048K)
 Metaspace       used 74398K, capacity 75388K, committed 75544K, reserved 1116160K
  class space    used 8381K, capacity 8737K, committed 8832K, reserved 1048576K
GC Heap History (20 events):
Event: 2.056 GC heap before
{Heap before GC invocations=1 (full 0):
 garbage-first heap   total 98304K, used 51231K [0x00000000a1c00000, 0x0000000100000000)
  region size 1024K, 48 young (49152K), 2 survivors (2048K)
 Metaspace       used 20934K, capacity 21194K, committed 21248K, reserved 1069056K
  class space    used 2205K, capacity 2297K, committed 2304K, reserved 1048576K
}
Event: 2.087 GC heap after
{Heap after GC invocations=2 (full 0):
 garbage-first heap   total 98304K, used 9607K [0x00000000a1c00000, 0x0000000100000000)
  region size 1024K, 7 young (7168K), 7 survivors (7168K)
 Metaspace       used 20934K, capacity 21194K, committed 21248K, reserved 1069056K
  class space    used 2205K, capacity 2297K, committed 2304K, reserved 1048576K
}
Event: 4.234 GC heap before
{Heap before GC invocations=3 (full 0):
 garbage-first heap   total 98304K, used 67975K [0x00000000a1c00000, 0x0000000100000000)
  region size 1024K, 54 young (55296K), 7 survivors (7168K)
 Metaspace       used 30551K, capacity 31022K, committed 31104K, reserved 1077248K
  class space    used 3574K, capacity 3710K, committed 3712K, reserved 1048576K
}
Event: 4.272 GC heap after
{Heap after GC invocations=4 (full 0):
 garbage-first heap   total 98304K, used 22316K [0x00000000a1c00000, 0x0000000100000000)
  region size 1024K, 7 young (7168K), 7 survivors (7168K)
 Metaspace       used 30551K, capacity 31022K, committed 31104K, reserved 1077248K
  class space    used 3574K, capacity 3710K, committed 3712K, reserved 1048576K
}
Event: 5.154 GC heap before
{Heap before GC invocations=4 (full 0):
 garbage-first heap   total 98304K, used 45868K [0x00000000a1c00000, 0x0000000100000000)
  region size 1024K, 29 young (29696K), 7 survivors (7168K)
 Metaspace       used 35167K, capacity 35626K, committed 35840K, reserved 1081344K
  class space    used 4085K, capacity 4261K, committed 4352K, reserved 1048576K
}
Event: 5.173 GC heap after
{Heap after GC invocations=5 (full 0):
 garbage-first heap   total 98304K, used 24576K [0x00000000a1c00000, 0x0000000100000000)
  region size 1024K, 2 young (2048K), 2 survivors (2048K)
 Metaspace       used 35167K, capacity 35626K, committed 35840K, reserved 1081344K
  class space    used 4085K, capacity 4261K, committed 4352K, reserved 1048576K
}
Event: 10.379 GC heap before
{Heap before GC invocations=6 (full 0):
 garbage-first heap   total 98304K, used 70656K [0x00000000a1c00000, 0x0000000100000000)
  region size 1024K, 45 young (46080K), 2 survivors (2048K)
 Metaspace       used 44644K, capacity 45158K, committed 45440K, reserved 1089536K
  class space    used 5223K, capacity 5405K, committed 5504K, reserved 1048576K
}
Event: 10.394 GC heap after
{Heap after GC invocations=7 (full 0):
 garbage-first heap   total 98304K, used 30720K [0x00000000a1c00000, 0x0000000100000000)
  region size 1024K, 6 young (6144K), 6 survivors (6144K)
 Metaspace       used 44644K, capacity 45158K, committed 45440K, reserved 1089536K
  class space    used 5223K, capacity 5405K, committed 5504K, reserved 1048576K
}
Event: 12.779 GC heap before
{Heap before GC invocations=7 (full 0):
 garbage-first heap   total 98304K, used 72704K [0x00000000a1c00000, 0x0000000100000000)
  region size 1024K, 47 young (48128K), 6 survivors (6144K)
 Metaspace       used 52998K, capacity 53637K, committed 53888K, reserved 1097728K
  class space    used 6233K, capacity 6459K, committed 6528K, reserved 1048576K
}
Event: 12.806 GC heap after
{Heap after GC invocations=8 (full 0):
 garbage-first heap   total 98304K, used 35988K [0x00000000a1c00000, 0x0000000100000000)
  region size 1024K, 6 young (6144K), 6 survivors (6144K)
 Metaspace       used 52998K, capacity 53637K, committed 53888K, reserved 1097728K
  class space    used 6233K, capacity 6459K, committed 6528K, reserved 1048576K
}
Event: 13.629 GC heap before
{Heap before GC invocations=8 (full 0):
 garbage-first heap   total 98304K, used 74900K [0x00000000a1c00000, 0x0000000100000000)
  region size 1024K, 43 young (44032K), 6 survivors (6144K)
 Metaspace       used 54222K, capacity 54826K, committed 54912K, reserved 1097728K
  class space    used 6271K, capacity 6493K, committed 6528K, reserved 1048576K
}
Event: 13.653 GC heap after
{Heap after GC invocations=9 (full 0):
 garbage-first heap   total 121856K, used 41378K [0x00000000a1c00000, 0x0000000100000000)
  region size 1024K, 6 young (6144K), 6 survivors (6144K)
 Metaspace       used 54222K, capacity 54826K, committed 54912K, reserved 1097728K
  class space    used 6271K, capacity 6493K, committed 6528K, reserved 1048576K
}
Event: 14.889 GC heap before
{Heap before GC invocations=9 (full 0):
 garbage-first heap   total 121856K, used 88482K [0x00000000a1c00000, 0x0000000100000000)
  region size 1024K, 52 young (53248K), 6 survivors (6144K)
 Metaspace       used 56297K, capacity 56898K, committed 57216K, reserved 1099776K
  class space    used 6478K, capacity 6714K, committed 6784K, reserved 1048576K
}
Event: 14.923 GC heap after
{Heap after GC invocations=10 (full 0):
 garbage-first heap   total 121856K, used 48042K [0x00000000a1c00000, 0x0000000100000000)
  region size 1024K, 7 young (7168K), 7 survivors (7168K)
 Metaspace       used 56297K, capacity 56898K, committed 57216K, reserved 1099776K
  class space    used 6478K, capacity 6714K, committed 6784K, reserved 1048576K
}
Event: 16.381 GC heap before
{Heap before GC invocations=10 (full 0):
 garbage-first heap   total 121856K, used 86954K [0x00000000a1c00000, 0x0000000100000000)
  region size 1024K, 46 young (47104K), 7 survivors (7168K)
 Metaspace       used 59488K, capacity 60159K, committed 60160K, reserved 1101824K
  class space    used 6789K, capacity 7040K, committed 7040K, reserved 1048576K
}
Event: 16.432 GC heap after
{Heap after GC invocations=11 (full 0):
 garbage-first heap   total 121856K, used 55761K [0x00000000a1c00000, 0x0000000100000000)
  region size 1024K, 7 young (7168K), 7 survivors (7168K)
 Metaspace       used 59488K, capacity 60159K, committed 60160K, reserved 1101824K
  class space    used 6789K, capacity 7040K, committed 7040K, reserved 1048576K
}
Event: 18.242 GC heap before
{Heap before GC invocations=12 (full 0):
 garbage-first heap   total 121856K, used 93649K [0x00000000a1c00000, 0x0000000100000000)
  region size 1024K, 44 young (45056K), 7 survivors (7168K)
 Metaspace       used 63266K, capacity 64097K, committed 64408K, reserved 1105920K
  class space    used 7222K, capacity 7559K, committed 7680K, reserved 1048576K
}
Event: 18.284 GC heap after
{Heap after GC invocations=13 (full 0):
 garbage-first heap   total 121856K, used 61440K [0x00000000a1c00000, 0x0000000100000000)
  region size 1024K, 6 young (6144K), 6 survivors (6144K)
 Metaspace       used 63266K, capacity 64097K, committed 64408K, reserved 1105920K
  class space    used 7222K, capacity 7559K, committed 7680K, reserved 1048576K
}
Event: 19.617 GC heap before
{Heap before GC invocations=14 (full 0):
 garbage-first heap   total 121856K, used 94208K [0x00000000a1c00000, 0x0000000100000000)
  region size 1024K, 39 young (39936K), 6 survivors (6144K)
 Metaspace       used 68895K, capacity 69666K, committed 69912K, reserved 1112064K
  class space    used 7733K, capacity 8044K, committed 8064K, reserved 1048576K
}
Event: 19.643 GC heap after
{Heap after GC invocations=15 (full 0):
 garbage-first heap   total 146432K, used 63488K [0x00000000a1c00000, 0x0000000100000000)
  region size 1024K, 2 young (2048K), 2 survivors (2048K)
 Metaspace       used 68895K, capacity 69666K, committed 69912K, reserved 1112064K
  class space    used 7733K, capacity 8044K, committed 8064K, reserved 1048576K
}

