# JRE version: OpenJDK Runtime Environment (11.0.8+10) (build 11.0.8+10-b944.6842174)
# Java VM: OpenJDK 64-Bit Server VM (11.0.8+10-b944.6842174, mixed mode, tiered, compressed oops, g1 gc, windows-amd64)
Heap:
 garbage-first heap   total 160768K, used 105984K [0x00000000a1c00000, 0x0000000100000000)
  region size 1024K, 53 young (54272K), 2 survivors (2048K)
 Metaspace       used 66587K, capacity 67472K, committed 67676K, reserved 1110016K
  class space    used 7528K, capacity 7868K, committed 7932K, reserved 1048576K
GC Heap History (18 events):
Event: 0.599 GC heap before
{Heap before GC invocations=0 (full 0):
 garbage-first heap   total 98304K, used 17408K [0x00000000a1c00000, 0x0000000100000000)
  region size 1024K, 14 young (14336K), 0 survivors (0K)
 Metaspace       used 9771K, capacity 9871K, committed 10112K, reserved 1058816K
  class space    used 829K, capacity 884K, committed 896K, reserved 1048576K
}
Event: 0.604 GC heap after
{Heap after GC invocations=1 (full 0):
 garbage-first heap   total 98304K, used 5148K [0x00000000a1c00000, 0x0000000100000000)
  region size 1024K, 2 young (2048K), 2 survivors (2048K)
 Metaspace       used 9771K, capacity 9871K, committed 10112K, reserved 1058816K
  class space    used 829K, capacity 884K, committed 896K, reserved 1048576K
}
Event: 1.613 GC heap before
{Heap before GC invocations=1 (full 0):
 garbage-first heap   total 98304K, used 51228K [0x00000000a1c00000, 0x0000000100000000)
  region size 1024K, 48 young (49152K), 2 survivors (2048K)
 Metaspace       used 20992K, capacity 21194K, committed 21248K, reserved 1069056K
  class space    used 2220K, capacity 2297K, committed 2304K, reserved 1048576K
}
Event: 1.632 GC heap after
{Heap after GC invocations=2 (full 0):
 garbage-first heap   total 98304K, used 9480K [0x00000000a1c00000, 0x0000000100000000)
  region size 1024K, 7 young (7168K), 7 survivors (7168K)
 Metaspace       used 20992K, capacity 21194K, committed 21248K, reserved 1069056K
  class space    used 2220K, capacity 2297K, committed 2304K, reserved 1048576K
}
Event: 3.036 GC heap before
{Heap before GC invocations=3 (full 0):
 garbage-first heap   total 98304K, used 67848K [0x00000000a1c00000, 0x0000000100000000)
  region size 1024K, 54 young (55296K), 7 survivors (7168K)
 Metaspace       used 30508K, capacity 30958K, committed 31228K, reserved 1077248K
  class space    used 3574K, capacity 3710K, committed 3836K, reserved 1048576K
}
Event: 3.065 GC heap after
{Heap after GC invocations=4 (full 0):
 garbage-first heap   total 98304K, used 22672K [0x00000000a1c00000, 0x0000000100000000)
  region size 1024K, 7 young (7168K), 7 survivors (7168K)
 Metaspace       used 30508K, capacity 30958K, committed 31228K, reserved 1077248K
  class space    used 3574K, capacity 3710K, committed 3836K, reserved 1048576K
}
Event: 3.564 GC heap before
{Heap before GC invocations=4 (full 0):
 garbage-first heap   total 98304K, used 47248K [0x00000000a1c00000, 0x0000000100000000)
  region size 1024K, 30 young (30720K), 7 survivors (7168K)
 Metaspace       used 35376K, capacity 35852K, committed 36048K, reserved 1081344K
  class space    used 4110K, capacity 4294K, committed 4348K, reserved 1048576K
}
Event: 3.583 GC heap after
{Heap after GC invocations=5 (full 0):
 garbage-first heap   total 98304K, used 24809K [0x00000000a1c00000, 0x0000000100000000)
  region size 1024K, 3 young (3072K), 3 survivors (3072K)
 Metaspace       used 35376K, capacity 35852K, committed 36048K, reserved 1081344K
  class space    used 4110K, capacity 4294K, committed 4348K, reserved 1048576K
}
Event: 4.775 GC heap before
{Heap before GC invocations=6 (full 0):
 garbage-first heap   total 98304K, used 70889K [0x00000000a1c00000, 0x0000000100000000)
  region size 1024K, 46 young (47104K), 3 survivors (3072K)
 Metaspace       used 44984K, capacity 45478K, committed 45648K, reserved 1089536K
  class space    used 5263K, capacity 5448K, committed 5500K, reserved 1048576K
}
Event: 4.791 GC heap after
{Heap after GC invocations=7 (full 0):
 garbage-first heap   total 121856K, used 30415K [0x00000000a1c00000, 0x0000000100000000)
  region size 1024K, 6 young (6144K), 6 survivors (6144K)
 Metaspace       used 44984K, capacity 45478K, committed 45648K, reserved 1089536K
  class space    used 5263K, capacity 5448K, committed 5500K, reserved 1048576K
}
Event: 6.562 GC heap before
{Heap before GC invocations=7 (full 0):
 garbage-first heap   total 121856K, used 88783K [0x00000000a1c00000, 0x0000000100000000)
  region size 1024K, 63 young (64512K), 6 survivors (6144K)
 Metaspace       used 53977K, capacity 54602K, committed 54736K, reserved 1097728K
  class space    used 6275K, capacity 6525K, committed 6652K, reserved 1048576K
}
Event: 6.599 GC heap after
{Heap after GC invocations=8 (full 0):
 garbage-first heap   total 121856K, used 38303K [0x00000000a1c00000, 0x0000000100000000)
  region size 1024K, 8 young (8192K), 8 survivors (8192K)
 Metaspace       used 53977K, capacity 54602K, committed 54736K, reserved 1097728K
  class space    used 6275K, capacity 6525K, committed 6652K, reserved 1048576K
}
Event: 7.491 GC heap before
{Heap before GC invocations=8 (full 0):
 garbage-first heap   total 121856K, used 90527K [0x00000000a1c00000, 0x0000000100000000)
  region size 1024K, 58 young (59392K), 8 survivors (8192K)
 Metaspace       used 55558K, capacity 56218K, committed 56400K, reserved 1099776K
  class space    used 6398K, capacity 6635K, committed 6780K, reserved 1048576K
}
Event: 7.531 GC heap after
{Heap after GC invocations=9 (full 0):
 garbage-first heap   total 121856K, used 45568K [0x00000000a1c00000, 0x0000000100000000)
  region size 1024K, 7 young (7168K), 7 survivors (7168K)
 Metaspace       used 55558K, capacity 56218K, committed 56400K, reserved 1099776K
  class space    used 6398K, capacity 6635K, committed 6780K, reserved 1048576K
}
Event: 8.934 GC heap before
{Heap before GC invocations=9 (full 0):
 garbage-first heap   total 121856K, used 92672K [0x00000000a1c00000, 0x0000000100000000)
  region size 1024K, 53 young (54272K), 7 survivors (7168K)
 Metaspace       used 58642K, capacity 59308K, committed 59472K, reserved 1101824K
  class space    used 6722K, capacity 6994K, committed 7036K, reserved 1048576K
}
Event: 8.977 GC heap after
{Heap after GC invocations=10 (full 0):
 garbage-first heap   total 121856K, used 52736K [0x00000000a1c00000, 0x0000000100000000)
  region size 1024K, 7 young (7168K), 7 survivors (7168K)
 Metaspace       used 58642K, capacity 59308K, committed 59472K, reserved 1101824K
  class space    used 6722K, capacity 6994K, committed 7036K, reserved 1048576K
}
Event: 9.383 GC heap before
{Heap before GC invocations=10 (full 0):
 garbage-first heap   total 121856K, used 61952K [0x00000000a1c00000, 0x0000000100000000)
  region size 1024K, 17 young (17408K), 7 survivors (7168K)
 Metaspace       used 59777K, capacity 60417K, committed 60508K, reserved 1103872K
  class space    used 6828K, capacity 7105K, committed 7164K, reserved 1048576K
}
Event: 9.420 GC heap after
{Heap after GC invocations=11 (full 0):
 garbage-first heap   total 160768K, used 54784K [0x00000000a1c00000, 0x0000000100000000)
  region size 1024K, 2 young (2048K), 2 survivors (2048K)
 Metaspace       used 59777K, capacity 60417K, committed 60508K, reserved 1103872K
  class space    used 6828K, capacity 7105K, committed 7164K, reserved 1048576K
}

