# JRE version: OpenJDK Runtime Environment (11.0.8+10) (build 11.0.8+10-b944.6842174)
# Java VM: OpenJDK 64-Bit Server VM (11.0.8+10-b944.6842174, mixed mode, tiered, compressed oops, g1 gc, windows-amd64)
Heap:
 garbage-first heap   total 191488K, used 99840K [0x00000000a1c00000, 0x0000000100000000)
  region size 1024K, 45 young (46080K), 7 survivors (7168K)
 Metaspace       used 65718K, capacity 66575K, committed 66768K, reserved 1107968K
  class space    used 7327K, capacity 7646K, committed 7680K, reserved 1048576K
GC Heap History (18 events):
Event: 0.631 GC heap before
{Heap before GC invocations=0 (full 0):
 garbage-first heap   total 98304K, used 17408K [0x00000000a1c00000, 0x0000000100000000)
  region size 1024K, 14 young (14336K), 0 survivors (0K)
 Metaspace       used 9775K, capacity 9871K, committed 10112K, reserved 1058816K
  class space    used 829K, capacity 884K, committed 896K, reserved 1048576K
}
Event: 0.636 GC heap after
{Heap after GC invocations=1 (full 0):
 garbage-first heap   total 98304K, used 5156K [0x00000000a1c00000, 0x0000000100000000)
  region size 1024K, 2 young (2048K), 2 survivors (2048K)
 Metaspace       used 9775K, capacity 9871K, committed 10112K, reserved 1058816K
  class space    used 829K, capacity 884K, committed 896K, reserved 1048576K
}
Event: 2.134 GC heap before
{Heap before GC invocations=1 (full 0):
 garbage-first heap   total 98304K, used 51236K [0x00000000a1c00000, 0x0000000100000000)
  region size 1024K, 48 young (49152K), 2 survivors (2048K)
 Metaspace       used 20981K, capacity 21194K, committed 21248K, reserved 1069056K
  class space    used 2213K, capacity 2297K, committed 2304K, reserved 1048576K
}
Event: 2.157 GC heap after
{Heap after GC invocations=2 (full 0):
 garbage-first heap   total 98304K, used 9481K [0x00000000a1c00000, 0x0000000100000000)
  region size 1024K, 7 young (7168K), 7 survivors (7168K)
 Metaspace       used 20981K, capacity 21194K, committed 21248K, reserved 1069056K
  class space    used 2213K, capacity 2297K, committed 2304K, reserved 1048576K
}
Event: 4.725 GC heap before
{Heap before GC invocations=3 (full 0):
 garbage-first heap   total 98304K, used 69897K [0x00000000a1c00000, 0x0000000100000000)
  region size 1024K, 54 young (55296K), 7 survivors (7168K)
 Metaspace       used 30480K, capacity 30894K, committed 31100K, reserved 1077248K
  class space    used 3569K, capacity 3710K, committed 3712K, reserved 1048576K
}
Event: 4.793 GC heap after
{Heap after GC invocations=4 (full 0):
 garbage-first heap   total 98304K, used 24099K [0x00000000a1c00000, 0x0000000100000000)
  region size 1024K, 7 young (7168K), 7 survivors (7168K)
 Metaspace       used 30480K, capacity 30894K, committed 31100K, reserved 1077248K
  class space    used 3569K, capacity 3710K, committed 3712K, reserved 1048576K
}
Event: 5.533 GC heap before
{Heap before GC invocations=4 (full 0):
 garbage-first heap   total 98304K, used 46627K [0x00000000a1c00000, 0x0000000100000000)
  region size 1024K, 30 young (30720K), 7 survivors (7168K)
 Metaspace       used 35397K, capacity 35853K, committed 36048K, reserved 1081344K
  class space    used 4115K, capacity 4294K, committed 4352K, reserved 1048576K
}
Event: 5.568 GC heap after
{Heap after GC invocations=5 (full 0):
 garbage-first heap   total 98304K, used 24446K [0x00000000a1c00000, 0x0000000100000000)
  region size 1024K, 3 young (3072K), 3 survivors (3072K)
 Metaspace       used 35397K, capacity 35853K, committed 36048K, reserved 1081344K
  class space    used 4115K, capacity 4294K, committed 4352K, reserved 1048576K
}
Event: 8.671 GC heap before
{Heap before GC invocations=6 (full 0):
 garbage-first heap   total 98304K, used 71550K [0x00000000a1c00000, 0x0000000100000000)
  region size 1024K, 47 young (48128K), 3 survivors (3072K)
 Metaspace       used 45209K, capacity 45757K, committed 46032K, reserved 1089536K
  class space    used 5322K, capacity 5521K, committed 5632K, reserved 1048576K
}
Event: 8.692 GC heap after
{Heap after GC invocations=7 (full 0):
 garbage-first heap   total 129024K, used 30078K [0x00000000a1c00000, 0x0000000100000000)
  region size 1024K, 6 young (6144K), 6 survivors (6144K)
 Metaspace       used 45209K, capacity 45757K, committed 46032K, reserved 1089536K
  class space    used 5322K, capacity 5521K, committed 5632K, reserved 1048576K
}
Event: 13.152 GC heap before
{Heap before GC invocations=7 (full 0):
 garbage-first heap   total 129024K, used 95614K [0x00000000a1c00000, 0x0000000100000000)
  region size 1024K, 69 young (70656K), 6 survivors (6144K)
 Metaspace       used 52569K, capacity 53223K, committed 53456K, reserved 1095680K
  class space    used 6088K, capacity 6334K, committed 6400K, reserved 1048576K
}
Event: 13.429 GC heap after
{Heap after GC invocations=8 (full 0):
 garbage-first heap   total 129024K, used 36114K [0x00000000a1c00000, 0x0000000100000000)
  region size 1024K, 9 young (9216K), 9 survivors (9216K)
 Metaspace       used 52569K, capacity 53223K, committed 53456K, reserved 1095680K
  class space    used 6088K, capacity 6334K, committed 6400K, reserved 1048576K
}
Event: 20.631 GC heap before
{Heap before GC invocations=8 (full 0):
 garbage-first heap   total 129024K, used 92434K [0x00000000a1c00000, 0x0000000100000000)
  region size 1024K, 64 young (65536K), 9 survivors (9216K)
 Metaspace       used 56396K, capacity 57044K, committed 57168K, reserved 1099776K
  class space    used 6476K, capacity 6750K, committed 6784K, reserved 1048576K
}
Event: 20.671 GC heap after
{Heap after GC invocations=9 (full 0):
 garbage-first heap   total 129024K, used 45678K [0x00000000a1c00000, 0x0000000100000000)
  region size 1024K, 8 young (8192K), 8 survivors (8192K)
 Metaspace       used 56396K, capacity 57044K, committed 57168K, reserved 1099776K
  class space    used 6476K, capacity 6750K, committed 6784K, reserved 1048576K
}
Event: 23.551 GC heap before
{Heap before GC invocations=9 (full 0):
 garbage-first heap   total 129024K, used 94830K [0x00000000a1c00000, 0x0000000100000000)
  region size 1024K, 57 young (58368K), 8 survivors (8192K)
 Metaspace       used 59625K, capacity 60386K, committed 60496K, reserved 1101824K
  class space    used 6880K, capacity 7203K, committed 7296K, reserved 1048576K
}
Event: 23.619 GC heap after
{Heap after GC invocations=10 (full 0):
 garbage-first heap   total 129024K, used 54784K [0x00000000a1c00000, 0x0000000100000000)
  region size 1024K, 8 young (8192K), 8 survivors (8192K)
 Metaspace       used 59625K, capacity 60386K, committed 60496K, reserved 1101824K
  class space    used 6880K, capacity 7203K, committed 7296K, reserved 1048576K
}
Event: 28.363 GC heap before
{Heap before GC invocations=11 (full 0):
 garbage-first heap   total 129024K, used 98816K [0x00000000a1c00000, 0x0000000100000000)
  region size 1024K, 51 young (52224K), 8 survivors (8192K)
 Metaspace       used 64436K, capacity 65279K, committed 65488K, reserved 1107968K
  class space    used 7276K, capacity 7608K, committed 7680K, reserved 1048576K
}
Event: 28.404 GC heap after
{Heap after GC invocations=12 (full 0):
 garbage-first heap   total 191488K, used 61952K [0x00000000a1c00000, 0x0000000100000000)
  region size 1024K, 7 young (7168K), 7 survivors (7168K)
 Metaspace       used 64436K, capacity 65279K, committed 65488K, reserved 1107968K
  class space    used 7276K, capacity 7608K, committed 7680K, reserved 1048576K
}

